<?xml version="1.0" encoding="UTF-8"?>
<coverage generated="1775031102968" clover="3.2.0">
  <project timestamp="1775031102968" name="All files">
    <metrics statements="195" coveredstatements="191" conditionals="105" coveredconditionals="95" methods="14" coveredmethods="14" elements="314" coveredelements="300" complexity="0" loc="195" ncloc="195" packages="1" files="4" classes="4"/>
    <file name="generator.js" path="/root/agent-workspace/products/readme-wizard/lib/generator.js">
      <metrics statements="129" coveredstatements="126" conditionals="54" coveredconditionals="49" methods="8" coveredmethods="8"/>
      <line num="9" count="24" type="stmt"/>
      <line num="11" count="24" type="cond" truecount="2" falsecount="0"/>
      <line num="12" count="18" type="stmt"/>
      <line num="15" count="24" type="cond" truecount="4" falsecount="0"/>
      <line num="16" count="18" type="stmt"/>
      <line num="17" count="18" type="stmt"/>
      <line num="20" count="24" type="cond" truecount="2" falsecount="0"/>
      <line num="21" count="17" type="stmt"/>
      <line num="24" count="24" type="stmt"/>
      <line num="42" count="24" type="cond" truecount="2" falsecount="0"/>
      <line num="43" count="35" type="stmt"/>
      <line num="44" count="35" type="cond" truecount="1" falsecount="1"/>
      <line num="45" count="35" type="stmt"/>
      <line num="49" count="24" type="stmt"/>
      <line num="51" count="24" type="stmt"/>
      <line num="56" count="21" type="stmt"/>
      <line num="61" count="21" type="stmt"/>
      <line num="65" count="18" type="stmt"/>
      <line num="66" count="18" type="stmt"/>
      <line num="67" count="18" type="stmt"/>
      <line num="69" count="18" type="cond" truecount="2" falsecount="0"/>
      <line num="70" count="16" type="stmt"/>
      <line num="71" count="16" type="stmt"/>
      <line num="72" count="16" type="stmt"/>
      <line num="73" count="16" type="stmt"/>
      <line num="74" count="16" type="stmt"/>
      <line num="75" count="16" type="stmt"/>
      <line num="76" count="16" type="stmt"/>
      <line num="77" count="16" type="stmt"/>
      <line num="78" count="16" type="stmt"/>
      <line num="80" count="2" type="stmt"/>
      <line num="81" count="2" type="stmt"/>
      <line num="82" count="2" type="stmt"/>
      <line num="83" count="2" type="stmt"/>
      <line num="84" count="2" type="stmt"/>
      <line num="87" count="18" type="stmt"/>
      <line num="91" count="18" type="stmt"/>
      <line num="92" count="18" type="stmt"/>
      <line num="93" count="18" type="stmt"/>
      <line num="95" count="18" type="cond" truecount="4" falsecount="0"/>
      <line num="96" count="1" type="stmt"/>
      <line num="97" count="1" type="stmt"/>
      <line num="98" count="1" type="stmt"/>
      <line num="99" count="1" type="stmt"/>
      <line num="100" count="17" type="cond" truecount="4" falsecount="0"/>
      <line num="101" count="16" type="stmt"/>
      <line num="102" count="16" type="stmt"/>
      <line num="103" count="16" type="stmt"/>
      <line num="104" count="1" type="cond" truecount="1" falsecount="1"/>
      <line num="105" count="0" type="stmt"/>
      <line num="106" count="0" type="stmt"/>
      <line num="107" count="0" type="stmt"/>
      <line num="109" count="1" type="stmt"/>
      <line num="110" count="1" type="stmt"/>
      <line num="111" count="1" type="stmt"/>
      <line num="114" count="18" type="stmt"/>
      <line num="118" count="18" type="cond" truecount="4" falsecount="0"/>
      <line num="119" count="1" type="stmt"/>
      <line num="122" count="17" type="stmt"/>
      <line num="123" count="17" type="stmt"/>
      <line num="124" count="17" type="stmt"/>
      <line num="125" count="17" type="stmt"/>
      <line num="126" count="17" type="stmt"/>
      <line num="128" count="17" type="stmt"/>
      <line num="139" count="17" type="stmt"/>
      <line num="140" count="34" type="cond" truecount="1" falsecount="1"/>
      <line num="141" count="34" type="stmt"/>
      <line num="144" count="17" type="stmt"/>
      <line num="148" count="18" type="stmt"/>
      <line num="164" count="18" type="cond" truecount="2" falsecount="0"/>
      <line num="165" count="16" type="stmt"/>
      <line num="173" count="18" type="cond" truecount="1" falsecount="1"/>
      <line num="174" count="18" type="cond" truecount="2" falsecount="0"/>
      <line num="176" count="18" type="stmt"/>
      <line num="179" count="18" type="stmt"/>
      <line num="180" count="18" type="stmt"/>
      <line num="181" count="18" type="stmt"/>
      <line num="182" count="18" type="stmt"/>
      <line num="185" count="18" type="stmt"/>
      <line num="186" count="18" type="stmt"/>
      <line num="187" count="18" type="stmt"/>
      <line num="188" count="18" type="stmt"/>
      <line num="189" count="18" type="stmt"/>
      <line num="190" count="18" type="stmt"/>
      <line num="193" count="18" type="stmt"/>
      <line num="194" count="18" type="cond" truecount="1" falsecount="1"/>
      <line num="195" count="18" type="stmt"/>
      <line num="196" count="18" type="stmt"/>
      <line num="197" count="18" type="stmt"/>
      <line num="198" count="18" type="stmt"/>
      <line num="202" count="18" type="stmt"/>
      <line num="203" count="18" type="stmt"/>
      <line num="204" count="18" type="stmt"/>
      <line num="205" count="18" type="stmt"/>
      <line num="206" count="18" type="cond" truecount="4" falsecount="0"/>
      <line num="207" count="17" type="stmt"/>
      <line num="209" count="18" type="stmt"/>
      <line num="210" count="18" type="cond" truecount="2" falsecount="0"/>
      <line num="211" count="16" type="stmt"/>
      <line num="213" count="18" type="stmt"/>
      <line num="216" count="18" type="stmt"/>
      <line num="217" count="18" type="stmt"/>
      <line num="218" count="18" type="stmt"/>
      <line num="219" count="18" type="stmt"/>
      <line num="221" count="18" type="cond" truecount="4" falsecount="0"/>
      <line num="222" count="17" type="stmt"/>
      <line num="223" count="17" type="stmt"/>
      <line num="226" count="18" type="cond" truecount="2" falsecount="0"/>
      <line num="227" count="17" type="stmt"/>
      <line num="228" count="17" type="stmt"/>
      <line num="232" count="18" type="stmt"/>
      <line num="233" count="18" type="stmt"/>
      <line num="236" count="18" type="stmt"/>
      <line num="237" count="18" type="stmt"/>
      <line num="240" count="18" type="stmt"/>
      <line num="241" count="18" type="cond" truecount="2" falsecount="0"/>
      <line num="242" count="17" type="stmt"/>
      <line num="243" count="17" type="stmt"/>
      <line num="247" count="18" type="stmt"/>
      <line num="248" count="18" type="stmt"/>
      <line num="251" count="18" type="stmt"/>
      <line num="252" count="18" type="cond" truecount="2" falsecount="0"/>
      <line num="253" count="16" type="stmt"/>
      <line num="254" count="16" type="stmt"/>
      <line num="258" count="18" type="stmt"/>
      <line num="259" count="18" type="stmt"/>
      <line num="260" count="18" type="stmt"/>
      <line num="262" count="18" type="stmt"/>
      <line num="265" count="1" type="stmt"/>
    </file>
    <file name="scanner.js" path="/root/agent-workspace/products/readme-wizard/lib/scanner.js">
      <metrics statements="47" coveredstatements="46" conditionals="41" coveredconditionals="37" methods="4" coveredmethods="4"/>
      <line num="4" count="1" type="stmt"/>
      <line num="5" count="1" type="stmt"/>
      <line num="13" count="20" type="stmt"/>
      <line num="32" count="20" type="stmt"/>
      <line num="33" count="20" type="cond" truecount="2" falsecount="0"/>
      <line num="34" count="14" type="stmt"/>
      <line num="35" count="14" type="stmt"/>
      <line num="36" count="14" type="cond" truecount="1" falsecount="1"/>
      <line num="37" count="14" type="cond" truecount="2" falsecount="0"/>
      <line num="38" count="14" type="cond" truecount="2" falsecount="0"/>
      <line num="39" count="14" type="cond" truecount="2" falsecount="0"/>
      <line num="40" count="14" type="cond" truecount="2" falsecount="0"/>
      <line num="41" count="14" type="cond" truecount="2" falsecount="0"/>
      <line num="42" count="14" type="cond" truecount="2" falsecount="0"/>
      <line num="43" count="14" type="cond" truecount="2" falsecount="0"/>
      <line num="44" count="14" type="cond" truecount="2" falsecount="0"/>
      <line num="45" count="14" type="cond" truecount="2" falsecount="0"/>
      <line num="46" count="14" type="stmt"/>
      <line num="53" count="20" type="stmt"/>
      <line num="58" count="20" type="stmt"/>
      <line num="91" count="20" type="stmt"/>
      <line num="92" count="20" type="stmt"/>
      <line num="93" count="9" type="cond" truecount="2" falsecount="0"/>
      <line num="94" count="8" type="stmt"/>
      <line num="97" count="20" type="stmt"/>
      <line num="100" count="20" type="stmt"/>
      <line num="103" count="20" type="stmt"/>
      <line num="111" count="20" type="stmt"/>
      <line num="112" count="20" type="stmt"/>
      <line num="113" count="20" type="stmt"/>
      <line num="114" count="23" type="cond" truecount="3" falsecount="0"/>
      <line num="115" count="4" type="stmt"/>
      <line num="120" count="20" type="stmt"/>
      <line num="124" count="24" type="cond" truecount="1" falsecount="1"/>
      <line num="125" count="24" type="stmt"/>
      <line num="127" count="24" type="stmt"/>
      <line num="128" count="24" type="stmt"/>
      <line num="130" count="0" type="stmt"/>
      <line num="132" count="24" type="stmt"/>
      <line num="133" count="23" type="cond" truecount="1" falsecount="1"/>
      <line num="134" count="23" type="cond" truecount="2" falsecount="0"/>
      <line num="135" count="21" type="cond" truecount="2" falsecount="0"/>
      <line num="136" count="17" type="stmt"/>
      <line num="137" count="4" type="cond" truecount="1" falsecount="1"/>
      <line num="138" count="4" type="stmt"/>
      <line num="141" count="24" type="stmt"/>
      <line num="144" count="1" type="stmt"/>
    </file>
    <file name="utils.js" path="/root/agent-workspace/products/readme-wizard/lib/utils.js">
      <metrics statements="6" coveredstatements="6" conditionals="2" coveredconditionals="2" methods="1" coveredmethods="1"/>
      <line num="4" count="1" type="stmt"/>
      <line num="11" count="5" type="stmt"/>
      <line num="19" count="9" type="cond" truecount="2" falsecount="0"/>
      <line num="20" count="9" type="stmt"/>
      <line num="21" count="9" type="stmt"/>
      <line num="24" count="1" type="stmt"/>
    </file>
    <file name="writer.js" path="/root/agent-workspace/products/readme-wizard/lib/writer.js">
      <metrics statements="13" coveredstatements="13" conditionals="8" coveredconditionals="7" methods="1" coveredmethods="1"/>
      <line num="3" count="1" type="stmt"/>
      <line num="4" count="1" type="stmt"/>
      <line num="5" count="1" type="stmt"/>
      <line num="18" count="6" type="cond" truecount="1" falsecount="1"/>
      <line num="20" count="6" type="stmt"/>
      <line num="22" count="6" type="cond" truecount="4" falsecount="0"/>
      <line num="23" count="1" type="stmt"/>
      <line num="30" count="5" type="stmt"/>
      <line num="31" count="5" type="cond" truecount="2" falsecount="0"/>
      <line num="32" count="1" type="stmt"/>
      <line num="35" count="5" type="stmt"/>
      <line num="36" count="5" type="stmt"/>
      <line num="39" count="1" type="stmt"/>
    </file>
  </project>
</coverage>
