{"/root/agent-workspace/products/readme-wizard/lib/generator.js": {"path":"/root/agent-workspace/products/readme-wizard/lib/generator.js","statementMap":{"0":{"start":{"line":9,"column":17},"end":{"line":9,"column":19}},"1":{"start":{"line":11,"column":2},"end":{"line":13,"column":null}},"2":{"start":{"line":12,"column":4},"end":{"line":12,"column":null}},"3":{"start":{"line":15,"column":2},"end":{"line":18,"column":null}},"4":{"start":{"line":16,"column":20},"end":{"line":16,"column":68}},"5":{"start":{"line":17,"column":4},"end":{"line":17,"column":null}},"6":{"start":{"line":20,"column":2},"end":{"line":22,"column":null}},"7":{"start":{"line":21,"column":4},"end":{"line":21,"column":null}},"8":{"start":{"line":24,"column":26},"end":{"line":40,"column":3}},"9":{"start":{"line":42,"column":2},"end":{"line":47,"column":null}},"10":{"start":{"line":43,"column":16},"end":{"line":43,"column":32}},"11":{"start":{"line":44,"column":4},"end":{"line":46,"column":null}},"12":{"start":{"line":45,"column":6},"end":{"line":45,"column":null}},"13":{"start":{"line":49,"column":2},"end":{"line":49,"column":null}},"14":{"start":{"line":51,"column":2},"end":{"line":51,"column":null}},"15":{"start":{"line":56,"column":16},"end":{"line":60,"column":3}},"16":{"start":{"line":61,"column":2},"end":{"line":61,"column":null}},"17":{"start":{"line":65,"column":16},"end":{"line":65,"column":18}},"18":{"start":{"line":66,"column":2},"end":{"line":66,"column":null}},"19":{"start":{"line":67,"column":2},"end":{"line":67,"column":null}},"20":{"start":{"line":69,"column":2},"end":{"line":85,"column":null}},"21":{"start":{"line":70,"column":4},"end":{"line":70,"column":null}},"22":{"start":{"line":71,"column":4},"end":{"line":71,"column":null}},"23":{"start":{"line":72,"column":4},"end":{"line":72,"column":null}},"24":{"start":{"line":73,"column":4},"end":{"line":73,"column":null}},"25":{"start":{"line":74,"column":4},"end":{"line":74,"column":null}},"26":{"start":{"line":75,"column":4},"end":{"line":75,"column":null}},"27":{"start":{"line":76,"column":4},"end":{"line":76,"column":null}},"28":{"start":{"line":77,"column":4},"end":{"line":77,"column":null}},"29":{"start":{"line":78,"column":4},"end":{"line":78,"column":null}},"30":{"start":{"line":80,"column":4},"end":{"line":80,"column":null}},"31":{"start":{"line":81,"column":4},"end":{"line":81,"column":null}},"32":{"start":{"line":82,"column":4},"end":{"line":82,"column":null}},"33":{"start":{"line":83,"column":4},"end":{"line":83,"column":null}},"34":{"start":{"line":84,"column":4},"end":{"line":84,"column":null}},"35":{"start":{"line":87,"column":2},"end":{"line":87,"column":null}},"36":{"start":{"line":91,"column":16},"end":{"line":91,"column":18}},"37":{"start":{"line":92,"column":2},"end":{"line":92,"column":null}},"38":{"start":{"line":93,"column":2},"end":{"line":93,"column":null}},"39":{"start":{"line":95,"column":2},"end":{"line":112,"column":null}},"40":{"start":{"line":96,"column":20},"end":{"line":96,"column":44}},"41":{"start":{"line":97,"column":4},"end":{"line":97,"column":null}},"42":{"start":{"line":98,"column":4},"end":{"line":98,"column":null}},"43":{"start":{"line":99,"column":4},"end":{"line":99,"column":null}},"44":{"start":{"line":100,"column":9},"end":{"line":112,"column":null}},"45":{"start":{"line":101,"column":4},"end":{"line":101,"column":null}},"46":{"start":{"line":102,"column":4},"end":{"line":102,"column":null}},"47":{"start":{"line":103,"column":4},"end":{"line":103,"column":null}},"48":{"start":{"line":104,"column":9},"end":{"line":112,"column":null}},"49":{"start":{"line":105,"column":4},"end":{"line":105,"column":null}},"50":{"start":{"line":106,"column":4},"end":{"line":106,"column":null}},"51":{"start":{"line":107,"column":4},"end":{"line":107,"column":null}},"52":{"start":{"line":109,"column":4},"end":{"line":109,"column":null}},"53":{"start":{"line":110,"column":4},"end":{"line":110,"column":null}},"54":{"start":{"line":111,"column":4},"end":{"line":111,"column":null}},"55":{"start":{"line":114,"column":2},"end":{"line":114,"column":null}},"56":{"start":{"line":118,"column":2},"end":{"line":120,"column":null}},"57":{"start":{"line":119,"column":4},"end":{"line":119,"column":null}},"58":{"start":{"line":122,"column":16},"end":{"line":122,"column":18}},"59":{"start":{"line":123,"column":2},"end":{"line":123,"column":null}},"60":{"start":{"line":124,"column":2},"end":{"line":124,"column":null}},"61":{"start":{"line":125,"column":2},"end":{"line":125,"column":null}},"62":{"start":{"line":126,"column":2},"end":{"line":126,"column":null}},"63":{"start":{"line":128,"column":29},"end":{"line":137,"column":3}},"64":{"start":{"line":139,"column":2},"end":{"line":142,"column":null}},"65":{"start":{"line":140,"column":17},"end":{"line":140,"column":61}},"66":{"start":{"line":141,"column":4},"end":{"line":141,"column":null}},"67":{"start":{"line":144,"column":2},"end":{"line":144,"column":null}},"68":{"start":{"line":148,"column":2},"end":{"line":160,"column":null}},"69":{"start":{"line":164,"column":2},"end":{"line":164,"column":null}},"70":{"start":{"line":164,"column":16},"end":{"line":164,"column":null}},"71":{"start":{"line":165,"column":2},"end":{"line":169,"column":null}},"72":{"start":{"line":173,"column":15},"end":{"line":173,"column":40}},"73":{"start":{"line":174,"column":22},"end":{"line":174,"column":62}},"74":{"start":{"line":176,"column":19},"end":{"line":176,"column":21}},"75":{"start":{"line":179,"column":2},"end":{"line":179,"column":null}},"76":{"start":{"line":180,"column":2},"end":{"line":180,"column":null}},"77":{"start":{"line":181,"column":2},"end":{"line":181,"column":null}},"78":{"start":{"line":182,"column":2},"end":{"line":182,"column":null}},"79":{"start":{"line":185,"column":2},"end":{"line":185,"column":null}},"80":{"start":{"line":186,"column":2},"end":{"line":186,"column":null}},"81":{"start":{"line":187,"column":2},"end":{"line":187,"column":null}},"82":{"start":{"line":188,"column":2},"end":{"line":188,"column":null}},"83":{"start":{"line":189,"column":2},"end":{"line":189,"column":null}},"84":{"start":{"line":190,"column":2},"end":{"line":190,"column":null}},"85":{"start":{"line":193,"column":17},"end":{"line":193,"column":37}},"86":{"start":{"line":194,"column":2},"end":{"line":199,"column":null}},"87":{"start":{"line":195,"column":4},"end":{"line":195,"column":null}},"88":{"start":{"line":196,"column":4},"end":{"line":196,"column":null}},"89":{"start":{"line":197,"column":4},"end":{"line":197,"column":null}},"90":{"start":{"line":198,"column":4},"end":{"line":198,"column":null}},"91":{"start":{"line":202,"column":2},"end":{"line":202,"column":null}},"92":{"start":{"line":203,"column":2},"end":{"line":203,"column":null}},"93":{"start":{"line":204,"column":2},"end":{"line":204,"column":null}},"94":{"start":{"line":205,"column":2},"end":{"line":205,"column":null}},"95":{"start":{"line":206,"column":2},"end":{"line":208,"column":null}},"96":{"start":{"line":207,"column":4},"end":{"line":207,"column":null}},"97":{"start":{"line":209,"column":2},"end":{"line":209,"column":null}},"98":{"start":{"line":210,"column":2},"end":{"line":212,"column":null}},"99":{"start":{"line":211,"column":4},"end":{"line":211,"column":null}},"100":{"start":{"line":213,"column":2},"end":{"line":213,"column":null}},"101":{"start":{"line":216,"column":2},"end":{"line":216,"column":null}},"102":{"start":{"line":217,"column":2},"end":{"line":217,"column":null}},"103":{"start":{"line":218,"column":2},"end":{"line":218,"column":null}},"104":{"start":{"line":219,"column":2},"end":{"line":219,"column":null}},"105":{"start":{"line":221,"column":2},"end":{"line":224,"column":null}},"106":{"start":{"line":222,"column":4},"end":{"line":222,"column":null}},"107":{"start":{"line":223,"column":4},"end":{"line":223,"column":null}},"108":{"start":{"line":226,"column":2},"end":{"line":229,"column":null}},"109":{"start":{"line":227,"column":4},"end":{"line":227,"column":null}},"110":{"start":{"line":228,"column":4},"end":{"line":228,"column":null}},"111":{"start":{"line":232,"column":2},"end":{"line":232,"column":null}},"112":{"start":{"line":233,"column":2},"end":{"line":233,"column":null}},"113":{"start":{"line":236,"column":2},"end":{"line":236,"column":null}},"114":{"start":{"line":237,"column":2},"end":{"line":237,"column":null}},"115":{"start":{"line":240,"column":25},"end":{"line":240,"column":53}},"116":{"start":{"line":241,"column":2},"end":{"line":244,"column":null}},"117":{"start":{"line":242,"column":4},"end":{"line":242,"column":null}},"118":{"start":{"line":243,"column":4},"end":{"line":243,"column":null}},"119":{"start":{"line":247,"column":2},"end":{"line":247,"column":null}},"120":{"start":{"line":248,"column":2},"end":{"line":248,"column":null}},"121":{"start":{"line":251,"column":25},"end":{"line":251,"column":54}},"122":{"start":{"line":252,"column":2},"end":{"line":255,"column":null}},"123":{"start":{"line":253,"column":4},"end":{"line":253,"column":null}},"124":{"start":{"line":254,"column":4},"end":{"line":254,"column":null}},"125":{"start":{"line":258,"column":2},"end":{"line":258,"column":null}},"126":{"start":{"line":259,"column":2},"end":{"line":259,"column":null}},"127":{"start":{"line":260,"column":2},"end":{"line":260,"column":null}},"128":{"start":{"line":262,"column":2},"end":{"line":262,"column":null}},"129":{"start":{"line":265,"column":0},"end":{"line":265,"column":null}}},"fnMap":{"0":{"name":"generateBadges","decl":{"start":{"line":8,"column":9},"end":{"line":8,"column":23}},"loc":{"start":{"line":8,"column":30},"end":{"line":52,"column":null}},"line":8},"1":{"name":"generateAsciiArt","decl":{"start":{"line":54,"column":9},"end":{"line":54,"column":25}},"loc":{"start":{"line":54,"column":32},"end":{"line":62,"column":null}},"line":54},"2":{"name":"generateInstallSection","decl":{"start":{"line":64,"column":9},"end":{"line":64,"column":31}},"loc":{"start":{"line":64,"column":38},"end":{"line":88,"column":null}},"line":64},"3":{"name":"generateUsageSection","decl":{"start":{"line":90,"column":9},"end":{"line":90,"column":29}},"loc":{"start":{"line":90,"column":36},"end":{"line":115,"column":null}},"line":90},"4":{"name":"generateScriptsSection","decl":{"start":{"line":117,"column":9},"end":{"line":117,"column":31}},"loc":{"start":{"line":117,"column":38},"end":{"line":145,"column":null}},"line":117},"5":{"name":"generateContributing","decl":{"start":{"line":147,"column":9},"end":{"line":147,"column":29}},"loc":{"start":{"line":147,"column":32},"end":{"line":161,"column":null}},"line":147},"6":{"name":"generateLicense","decl":{"start":{"line":163,"column":9},"end":{"line":163,"column":24}},"loc":{"start":{"line":163,"column":34},"end":{"line":170,"column":null}},"line":163},"7":{"name":"generateReadme","decl":{"start":{"line":172,"column":9},"end":{"line":172,"column":23}},"loc":{"start":{"line":172,"column":30},"end":{"line":263,"column":null}},"line":172}},"branchMap":{"0":{"loc":{"start":{"line":11,"column":2},"end":{"line":13,"column":null}},"type":"if","locations":[{"start":{"line":11,"column":2},"end":{"line":13,"column":null}},{"start":{},"end":{}}],"line":11},"1":{"loc":{"start":{"line":15,"column":2},"end":{"line":18,"column":null}},"type":"if","locations":[{"start":{"line":15,"column":2},"end":{"line":18,"column":null}},{"start":{},"end":{}}],"line":15},"2":{"loc":{"start":{"line":15,"column":6},"end":{"line":15,"column":39}},"type":"binary-expr","locations":[{"start":{"line":15,"column":6},"end":{"line":15,"column":18}},{"start":{"line":15,"column":22},"end":{"line":15,"column":39}}],"line":15},"3":{"loc":{"start":{"line":20,"column":2},"end":{"line":22,"column":null}},"type":"if","locations":[{"start":{"line":20,"column":2},"end":{"line":22,"column":null}},{"start":{},"end":{}}],"line":20},"4":{"loc":{"start":{"line":42,"column":20},"end":{"line":42,"column":41}},"type":"binary-expr","locations":[{"start":{"line":42,"column":20},"end":{"line":42,"column":35}},{"start":{"line":42,"column":39},"end":{"line":42,"column":41}}],"line":42},"5":{"loc":{"start":{"line":44,"column":4},"end":{"line":46,"column":null}},"type":"if","locations":[{"start":{"line":44,"column":4},"end":{"line":46,"column":null}},{"start":{},"end":{}}],"line":44},"6":{"loc":{"start":{"line":69,"column":2},"end":{"line":85,"column":null}},"type":"if","locations":[{"start":{"line":69,"column":2},"end":{"line":85,"column":null}},{"start":{"line":79,"column":9},"end":{"line":85,"column":null}}],"line":69},"7":{"loc":{"start":{"line":95,"column":2},"end":{"line":112,"column":null}},"type":"if","locations":[{"start":{"line":95,"column":2},"end":{"line":112,"column":null}},{"start":{"line":100,"column":9},"end":{"line":112,"column":null}}],"line":95},"8":{"loc":{"start":{"line":95,"column":6},"end":{"line":95,"column":50}},"type":"binary-expr","locations":[{"start":{"line":95,"column":6},"end":{"line":95,"column":14}},{"start":{"line":95,"column":18},"end":{"line":95,"column":50}}],"line":95},"9":{"loc":{"start":{"line":100,"column":9},"end":{"line":112,"column":null}},"type":"if","locations":[{"start":{"line":100,"column":9},"end":{"line":112,"column":null}},{"start":{"line":104,"column":9},"end":{"line":112,"column":null}}],"line":100},"10":{"loc":{"start":{"line":100,"column":13},"end":{"line":100,"column":47}},"type":"binary-expr","locations":[{"start":{"line":100,"column":13},"end":{"line":100,"column":25}},{"start":{"line":100,"column":29},"end":{"line":100,"column":47}}],"line":100},"11":{"loc":{"start":{"line":104,"column":9},"end":{"line":112,"column":null}},"type":"if","locations":[{"start":{"line":104,"column":9},"end":{"line":112,"column":null}},{"start":{"line":108,"column":9},"end":{"line":112,"column":null}}],"line":104},"12":{"loc":{"start":{"line":118,"column":2},"end":{"line":120,"column":null}},"type":"if","locations":[{"start":{"line":118,"column":2},"end":{"line":120,"column":null}},{"start":{},"end":{}}],"line":118},"13":{"loc":{"start":{"line":118,"column":6},"end":{"line":118,"column":61}},"type":"binary-expr","locations":[{"start":{"line":118,"column":6},"end":{"line":118,"column":19}},{"start":{"line":118,"column":23},"end":{"line":118,"column":61}}],"line":118},"14":{"loc":{"start":{"line":140,"column":17},"end":{"line":140,"column":61}},"type":"binary-expr","locations":[{"start":{"line":140,"column":17},"end":{"line":140,"column":41}},{"start":{"line":140,"column":45},"end":{"line":140,"column":61}}],"line":140},"15":{"loc":{"start":{"line":164,"column":2},"end":{"line":164,"column":null}},"type":"if","locations":[{"start":{"line":164,"column":2},"end":{"line":164,"column":null}},{"start":{},"end":{}}],"line":164},"16":{"loc":{"start":{"line":173,"column":15},"end":{"line":173,"column":40}},"type":"binary-expr","locations":[{"start":{"line":173,"column":15},"end":{"line":173,"column":24}},{"start":{"line":173,"column":28},"end":{"line":173,"column":40}}],"line":173},"17":{"loc":{"start":{"line":174,"column":22},"end":{"line":174,"column":62}},"type":"binary-expr","locations":[{"start":{"line":174,"column":22},"end":{"line":174,"column":38}},{"start":{"line":174,"column":42},"end":{"line":174,"column":62}}],"line":174},"18":{"loc":{"start":{"line":194,"column":2},"end":{"line":199,"column":null}},"type":"if","locations":[{"start":{"line":194,"column":2},"end":{"line":199,"column":null}},{"start":{},"end":{}}],"line":194},"19":{"loc":{"start":{"line":206,"column":2},"end":{"line":208,"column":null}},"type":"if","locations":[{"start":{"line":206,"column":2},"end":{"line":208,"column":null}},{"start":{},"end":{}}],"line":206},"20":{"loc":{"start":{"line":206,"column":6},"end":{"line":206,"column":58}},"type":"binary-expr","locations":[{"start":{"line":206,"column":6},"end":{"line":206,"column":18}},{"start":{"line":206,"column":22},"end":{"line":206,"column":58}}],"line":206},"21":{"loc":{"start":{"line":210,"column":2},"end":{"line":212,"column":null}},"type":"if","locations":[{"start":{"line":210,"column":2},"end":{"line":212,"column":null}},{"start":{},"end":{}}],"line":210},"22":{"loc":{"start":{"line":221,"column":2},"end":{"line":224,"column":null}},"type":"if","locations":[{"start":{"line":221,"column":2},"end":{"line":224,"column":null}},{"start":{},"end":{}}],"line":221},"23":{"loc":{"start":{"line":221,"column":6},"end":{"line":221,"column":51}},"type":"binary-expr","locations":[{"start":{"line":221,"column":6},"end":{"line":221,"column":21}},{"start":{"line":221,"column":25},"end":{"line":221,"column":51}}],"line":221},"24":{"loc":{"start":{"line":226,"column":2},"end":{"line":229,"column":null}},"type":"if","locations":[{"start":{"line":226,"column":2},"end":{"line":229,"column":null}},{"start":{},"end":{}}],"line":226},"25":{"loc":{"start":{"line":241,"column":2},"end":{"line":244,"column":null}},"type":"if","locations":[{"start":{"line":241,"column":2},"end":{"line":244,"column":null}},{"start":{},"end":{}}],"line":241},"26":{"loc":{"start":{"line":252,"column":2},"end":{"line":255,"column":null}},"type":"if","locations":[{"start":{"line":252,"column":2},"end":{"line":255,"column":null}},{"start":{},"end":{}}],"line":252}},"s":{"0":24,"1":24,"2":18,"3":24,"4":18,"5":18,"6":24,"7":17,"8":24,"9":24,"10":35,"11":35,"12":35,"13":24,"14":24,"15":21,"16":21,"17":18,"18":18,"19":18,"20":18,"21":16,"22":16,"23":16,"24":16,"25":16,"26":16,"27":16,"28":16,"29":16,"30":2,"31":2,"32":2,"33":2,"34":2,"35":18,"36":18,"37":18,"38":18,"39":18,"40":1,"41":1,"42":1,"43":1,"44":17,"45":16,"46":16,"47":16,"48":1,"49":0,"50":0,"51":0,"52":1,"53":1,"54":1,"55":18,"56":18,"57":1,"58":17,"59":17,"60":17,"61":17,"62":17,"63":17,"64":17,"65":34,"66":34,"67":17,"68":18,"69":18,"70":2,"71":16,"72":18,"73":18,"74":18,"75":18,"76":18,"77":18,"78":18,"79":18,"80":18,"81":18,"82":18,"83":18,"84":18,"85":18,"86":18,"87":18,"88":18,"89":18,"90":18,"91":18,"92":18,"93":18,"94":18,"95":18,"96":17,"97":18,"98":18,"99":16,"100":18,"101":18,"102":18,"103":18,"104":18,"105":18,"106":17,"107":17,"108":18,"109":17,"110":17,"111":18,"112":18,"113":18,"114":18,"115":18,"116":18,"117":17,"118":17,"119":18,"120":18,"121":18,"122":18,"123":16,"124":16,"125":18,"126":18,"127":18,"128":18,"129":1},"f":{"0":24,"1":21,"2":18,"3":18,"4":18,"5":18,"6":18,"7":18},"b":{"0":[18,6],"1":[18,6],"2":[24,18],"3":[17,7],"4":[24,1],"5":[35,0],"6":[16,2],"7":[1,17],"8":[18,17],"9":[16,1],"10":[17,16],"11":[0,1],"12":[1,17],"13":[18,17],"14":[34,0],"15":[2,16],"16":[18,0],"17":[18,1],"18":[18,0],"19":[17,1],"20":[18,17],"21":[16,2],"22":[17,1],"23":[18,18],"24":[17,1],"25":[17,1],"26":[16,2]},"meta":{"lastBranch":27,"lastFunction":8,"lastStatement":130,"seen":{"f:8:9:8:23":0,"s:9:17:9:19":0,"b:11:2:13:Infinity:undefined:undefined:undefined:undefined":0,"s:11:2:13:Infinity":1,"s:12:4:12:Infinity":2,"b:15:2:18:Infinity:undefined:undefined:undefined:undefined":1,"s:15:2:18:Infinity":3,"b:15:6:15:18:15:22:15:39":2,"s:16:20:16:68":4,"s:17:4:17:Infinity":5,"b:20:2:22:Infinity:undefined:undefined:undefined:undefined":3,"s:20:2:22:Infinity":6,"s:21:4:21:Infinity":7,"s:24:26:40:3":8,"s:42:2:47:Infinity":9,"b:42:20:42:35:42:39:42:41":4,"s:43:16:43:32":10,"b:44:4:46:Infinity:undefined:undefined:undefined:undefined":5,"s:44:4:46:Infinity":11,"s:45:6:45:Infinity":12,"s:49:2:49:Infinity":13,"s:51:2:51:Infinity":14,"f:54:9:54:25":1,"s:56:16:60:3":15,"s:61:2:61:Infinity":16,"f:64:9:64:31":2,"s:65:16:65:18":17,"s:66:2:66:Infinity":18,"s:67:2:67:Infinity":19,"b:69:2:85:Infinity:79:9:85:Infinity":6,"s:69:2:85:Infinity":20,"s:70:4:70:Infinity":21,"s:71:4:71:Infinity":22,"s:72:4:72:Infinity":23,"s:73:4:73:Infinity":24,"s:74:4:74:Infinity":25,"s:75:4:75:Infinity":26,"s:76:4:76:Infinity":27,"s:77:4:77:Infinity":28,"s:78:4:78:Infinity":29,"s:80:4:80:Infinity":30,"s:81:4:81:Infinity":31,"s:82:4:82:Infinity":32,"s:83:4:83:Infinity":33,"s:84:4:84:Infinity":34,"s:87:2:87:Infinity":35,"f:90:9:90:29":3,"s:91:16:91:18":36,"s:92:2:92:Infinity":37,"s:93:2:93:Infinity":38,"b:95:2:112:Infinity:100:9:112:Infinity":7,"s:95:2:112:Infinity":39,"b:95:6:95:14:95:18:95:50":8,"s:96:20:96:44":40,"s:97:4:97:Infinity":41,"s:98:4:98:Infinity":42,"s:99:4:99:Infinity":43,"b:100:9:112:Infinity:104:9:112:Infinity":9,"s:100:9:112:Infinity":44,"b:100:13:100:25:100:29:100:47":10,"s:101:4:101:Infinity":45,"s:102:4:102:Infinity":46,"s:103:4:103:Infinity":47,"b:104:9:112:Infinity:108:9:112:Infinity":11,"s:104:9:112:Infinity":48,"s:105:4:105:Infinity":49,"s:106:4:106:Infinity":50,"s:107:4:107:Infinity":51,"s:109:4:109:Infinity":52,"s:110:4:110:Infinity":53,"s:111:4:111:Infinity":54,"s:114:2:114:Infinity":55,"f:117:9:117:31":4,"b:118:2:120:Infinity:undefined:undefined:undefined:undefined":12,"s:118:2:120:Infinity":56,"b:118:6:118:19:118:23:118:61":13,"s:119:4:119:Infinity":57,"s:122:16:122:18":58,"s:123:2:123:Infinity":59,"s:124:2:124:Infinity":60,"s:125:2:125:Infinity":61,"s:126:2:126:Infinity":62,"s:128:29:137:3":63,"s:139:2:142:Infinity":64,"s:140:17:140:61":65,"b:140:17:140:41:140:45:140:61":14,"s:141:4:141:Infinity":66,"s:144:2:144:Infinity":67,"f:147:9:147:29":5,"s:148:2:160:Infinity":68,"f:163:9:163:24":6,"b:164:2:164:Infinity:undefined:undefined:undefined:undefined":15,"s:164:2:164:Infinity":69,"s:164:16:164:Infinity":70,"s:165:2:169:Infinity":71,"f:172:9:172:23":7,"s:173:15:173:40":72,"b:173:15:173:24:173:28:173:40":16,"s:174:22:174:62":73,"b:174:22:174:38:174:42:174:62":17,"s:176:19:176:21":74,"s:179:2:179:Infinity":75,"s:180:2:180:Infinity":76,"s:181:2:181:Infinity":77,"s:182:2:182:Infinity":78,"s:185:2:185:Infinity":79,"s:186:2:186:Infinity":80,"s:187:2:187:Infinity":81,"s:188:2:188:Infinity":82,"s:189:2:189:Infinity":83,"s:190:2:190:Infinity":84,"s:193:17:193:37":85,"b:194:2:199:Infinity:undefined:undefined:undefined:undefined":18,"s:194:2:199:Infinity":86,"s:195:4:195:Infinity":87,"s:196:4:196:Infinity":88,"s:197:4:197:Infinity":89,"s:198:4:198:Infinity":90,"s:202:2:202:Infinity":91,"s:203:2:203:Infinity":92,"s:204:2:204:Infinity":93,"s:205:2:205:Infinity":94,"b:206:2:208:Infinity:undefined:undefined:undefined:undefined":19,"s:206:2:208:Infinity":95,"b:206:6:206:18:206:22:206:58":20,"s:207:4:207:Infinity":96,"s:209:2:209:Infinity":97,"b:210:2:212:Infinity:undefined:undefined:undefined:undefined":21,"s:210:2:212:Infinity":98,"s:211:4:211:Infinity":99,"s:213:2:213:Infinity":100,"s:216:2:216:Infinity":101,"s:217:2:217:Infinity":102,"s:218:2:218:Infinity":103,"s:219:2:219:Infinity":104,"b:221:2:224:Infinity:undefined:undefined:undefined:undefined":22,"s:221:2:224:Infinity":105,"b:221:6:221:21:221:25:221:51":23,"s:222:4:222:Infinity":106,"s:223:4:223:Infinity":107,"b:226:2:229:Infinity:undefined:undefined:undefined:undefined":24,"s:226:2:229:Infinity":108,"s:227:4:227:Infinity":109,"s:228:4:228:Infinity":110,"s:232:2:232:Infinity":111,"s:233:2:233:Infinity":112,"s:236:2:236:Infinity":113,"s:237:2:237:Infinity":114,"s:240:25:240:53":115,"b:241:2:244:Infinity:undefined:undefined:undefined:undefined":25,"s:241:2:244:Infinity":116,"s:242:4:242:Infinity":117,"s:243:4:243:Infinity":118,"s:247:2:247:Infinity":119,"s:248:2:248:Infinity":120,"s:251:25:251:54":121,"b:252:2:255:Infinity:undefined:undefined:undefined:undefined":26,"s:252:2:255:Infinity":122,"s:253:4:253:Infinity":123,"s:254:4:254:Infinity":124,"s:258:2:258:Infinity":125,"s:259:2:259:Infinity":126,"s:260:2:260:Infinity":127,"s:262:2:262:Infinity":128,"s:265:0:265:Infinity":129}}}
,"/root/agent-workspace/products/readme-wizard/lib/scanner.js": {"path":"/root/agent-workspace/products/readme-wizard/lib/scanner.js","statementMap":{"0":{"start":{"line":4,"column":11},"end":{"line":4,"column":24}},"1":{"start":{"line":5,"column":13},"end":{"line":5,"column":28}},"2":{"start":{"line":13,"column":15},"end":{"line":29,"column":3}},"3":{"start":{"line":32,"column":18},"end":{"line":32,"column":55}},"4":{"start":{"line":33,"column":2},"end":{"line":50,"column":null}},"5":{"start":{"line":34,"column":4},"end":{"line":49,"column":null}},"6":{"start":{"line":35,"column":18},"end":{"line":35,"column":62}},"7":{"start":{"line":36,"column":6},"end":{"line":36,"column":null}},"8":{"start":{"line":37,"column":6},"end":{"line":37,"column":null}},"9":{"start":{"line":38,"column":6},"end":{"line":38,"column":null}},"10":{"start":{"line":39,"column":6},"end":{"line":39,"column":null}},"11":{"start":{"line":40,"column":6},"end":{"line":40,"column":null}},"12":{"start":{"line":41,"column":6},"end":{"line":41,"column":null}},"13":{"start":{"line":42,"column":6},"end":{"line":42,"column":null}},"14":{"start":{"line":43,"column":6},"end":{"line":43,"column":null}},"15":{"start":{"line":44,"column":6},"end":{"line":44,"column":null}},"16":{"start":{"line":45,"column":6},"end":{"line":45,"column":null}},"17":{"start":{"line":46,"column":6},"end":{"line":46,"column":null}},"18":{"start":{"line":53,"column":18},"end":{"line":56,"column":4}},"19":{"start":{"line":58,"column":23},"end":{"line":89,"column":3}},"20":{"start":{"line":91,"column":29},"end":{"line":91,"column":38}},"21":{"start":{"line":92,"column":2},"end":{"line":96,"column":null}},"22":{"start":{"line":93,"column":4},"end":{"line":95,"column":null}},"23":{"start":{"line":94,"column":6},"end":{"line":94,"column":null}},"24":{"start":{"line":97,"column":2},"end":{"line":97,"column":null}},"25":{"start":{"line":100,"column":2},"end":{"line":100,"column":null}},"26":{"start":{"line":103,"column":2},"end":{"line":108,"column":null}},"27":{"start":{"line":111,"column":2},"end":{"line":118,"column":null}},"28":{"start":{"line":112,"column":20},"end":{"line":112,"column":71}},"29":{"start":{"line":113,"column":4},"end":{"line":115,"column":null}},"30":{"start":{"line":114,"column":19},"end":{"line":114,"column":90}},"31":{"start":{"line":115,"column":16},"end":{"line":115,"column":22}},"32":{"start":{"line":120,"column":2},"end":{"line":120,"column":null}},"33":{"start":{"line":124,"column":2},"end":{"line":124,"column":null}},"34":{"start":{"line":124,"column":24},"end":{"line":124,"column":null}},"35":{"start":{"line":125,"column":14},"end":{"line":125,"column":15}},"36":{"start":{"line":127,"column":2},"end":{"line":131,"column":null}},"37":{"start":{"line":128,"column":4},"end":{"line":128,"column":null}},"38":{"start":{"line":130,"column":4},"end":{"line":130,"column":null}},"39":{"start":{"line":132,"column":2},"end":{"line":140,"column":null}},"40":{"start":{"line":133,"column":4},"end":{"line":133,"column":null}},"41":{"start":{"line":133,"column":36},"end":{"line":133,"column":null}},"42":{"start":{"line":134,"column":4},"end":{"line":134,"column":null}},"43":{"start":{"line":134,"column":39},"end":{"line":134,"column":null}},"44":{"start":{"line":135,"column":4},"end":{"line":139,"column":null}},"45":{"start":{"line":136,"column":6},"end":{"line":136,"column":null}},"46":{"start":{"line":137,"column":11},"end":{"line":139,"column":null}},"47":{"start":{"line":138,"column":6},"end":{"line":138,"column":null}},"48":{"start":{"line":141,"column":2},"end":{"line":141,"column":null}},"49":{"start":{"line":144,"column":0},"end":{"line":144,"column":null}}},"fnMap":{"0":{"name":"scanProject","decl":{"start":{"line":12,"column":15},"end":{"line":12,"column":26}},"loc":{"start":{"line":12,"column":39},"end":{"line":121,"column":null}},"line":12},"1":{"name":"(anonymous_1)","decl":{"start":{"line":114,"column":14},"end":{"line":114,"column":15}},"loc":{"start":{"line":114,"column":19},"end":{"line":114,"column":90}},"line":114},"2":{"name":"(anonymous_2)","decl":{"start":{"line":115,"column":11},"end":{"line":115,"column":12}},"loc":{"start":{"line":115,"column":16},"end":{"line":115,"column":22}},"line":115},"3":{"name":"countFiles","decl":{"start":{"line":123,"column":9},"end":{"line":123,"column":19}},"loc":{"start":{"line":123,"column":42},"end":{"line":142,"column":null}},"line":123}},"branchMap":{"0":{"loc":{"start":{"line":33,"column":2},"end":{"line":50,"column":null}},"type":"if","locations":[{"start":{"line":33,"column":2},"end":{"line":50,"column":null}},{"start":{},"end":{}}],"line":33},"1":{"loc":{"start":{"line":36,"column":18},"end":{"line":36,"column":39}},"type":"binary-expr","locations":[{"start":{"line":36,"column":18},"end":{"line":36,"column":26}},{"start":{"line":36,"column":30},"end":{"line":36,"column":39}}],"line":36},"2":{"loc":{"start":{"line":37,"column":25},"end":{"line":37,"column":46}},"type":"binary-expr","locations":[{"start":{"line":37,"column":25},"end":{"line":37,"column":40}},{"start":{"line":37,"column":44},"end":{"line":37,"column":46}}],"line":37},"3":{"loc":{"start":{"line":38,"column":21},"end":{"line":38,"column":38}},"type":"binary-expr","locations":[{"start":{"line":38,"column":21},"end":{"line":38,"column":32}},{"start":{"line":38,"column":36},"end":{"line":38,"column":38}}],"line":38},"4":{"loc":{"start":{"line":39,"column":21},"end":{"line":39,"column":38}},"type":"binary-expr","locations":[{"start":{"line":39,"column":21},"end":{"line":39,"column":32}},{"start":{"line":39,"column":36},"end":{"line":39,"column":38}}],"line":39},"5":{"loc":{"start":{"line":40,"column":18},"end":{"line":40,"column":32}},"type":"binary-expr","locations":[{"start":{"line":40,"column":18},"end":{"line":40,"column":26}},{"start":{"line":40,"column":30},"end":{"line":40,"column":32}}],"line":40},"6":{"loc":{"start":{"line":41,"column":17},"end":{"line":41,"column":30}},"type":"binary-expr","locations":[{"start":{"line":41,"column":17},"end":{"line":41,"column":24}},{"start":{"line":41,"column":28},"end":{"line":41,"column":30}}],"line":41},"7":{"loc":{"start":{"line":42,"column":21},"end":{"line":42,"column":38}},"type":"binary-expr","locations":[{"start":{"line":42,"column":21},"end":{"line":42,"column":32}},{"start":{"line":42,"column":36},"end":{"line":42,"column":38}}],"line":42},"8":{"loc":{"start":{"line":43,"column":21},"end":{"line":43,"column":38}},"type":"binary-expr","locations":[{"start":{"line":43,"column":21},"end":{"line":43,"column":32}},{"start":{"line":43,"column":36},"end":{"line":43,"column":38}}],"line":43},"9":{"loc":{"start":{"line":44,"column":26},"end":{"line":44,"column":48}},"type":"binary-expr","locations":[{"start":{"line":44,"column":26},"end":{"line":44,"column":42}},{"start":{"line":44,"column":46},"end":{"line":44,"column":48}}],"line":44},"10":{"loc":{"start":{"line":45,"column":29},"end":{"line":45,"column":54}},"type":"binary-expr","locations":[{"start":{"line":45,"column":29},"end":{"line":45,"column":48}},{"start":{"line":45,"column":52},"end":{"line":45,"column":54}}],"line":45},"11":{"loc":{"start":{"line":93,"column":4},"end":{"line":95,"column":null}},"type":"if","locations":[{"start":{"line":93,"column":4},"end":{"line":95,"column":null}},{"start":{},"end":{}}],"line":93},"12":{"loc":{"start":{"line":104,"column":4},"end":{"line":107,"column":null}},"type":"binary-expr","locations":[{"start":{"line":104,"column":4},"end":{"line":104,"column":21}},{"start":{"line":105,"column":4},"end":{"line":105,"column":48}},{"start":{"line":106,"column":4},"end":{"line":106,"column":53}},{"start":{"line":107,"column":4},"end":{"line":107,"column":null}}],"line":104},"13":{"loc":{"start":{"line":114,"column":19},"end":{"line":114,"column":90}},"type":"binary-expr","locations":[{"start":{"line":114,"column":19},"end":{"line":114,"column":34}},{"start":{"line":114,"column":38},"end":{"line":114,"column":61}},{"start":{"line":114,"column":65},"end":{"line":114,"column":90}}],"line":114},"14":{"loc":{"start":{"line":124,"column":2},"end":{"line":124,"column":null}},"type":"if","locations":[{"start":{"line":124,"column":2},"end":{"line":124,"column":null}},{"start":{},"end":{}}],"line":124},"15":{"loc":{"start":{"line":133,"column":4},"end":{"line":133,"column":null}},"type":"if","locations":[{"start":{"line":133,"column":4},"end":{"line":133,"column":null}},{"start":{},"end":{}}],"line":133},"16":{"loc":{"start":{"line":134,"column":4},"end":{"line":134,"column":null}},"type":"if","locations":[{"start":{"line":134,"column":4},"end":{"line":134,"column":null}},{"start":{},"end":{}}],"line":134},"17":{"loc":{"start":{"line":135,"column":4},"end":{"line":139,"column":null}},"type":"if","locations":[{"start":{"line":135,"column":4},"end":{"line":139,"column":null}},{"start":{"line":137,"column":11},"end":{"line":139,"column":null}}],"line":135},"18":{"loc":{"start":{"line":137,"column":11},"end":{"line":139,"column":null}},"type":"if","locations":[{"start":{"line":137,"column":11},"end":{"line":139,"column":null}},{"start":{},"end":{}}],"line":137}},"s":{"0":1,"1":1,"2":20,"3":20,"4":20,"5":14,"6":14,"7":14,"8":14,"9":14,"10":14,"11":14,"12":14,"13":14,"14":14,"15":14,"16":14,"17":14,"18":20,"19":20,"20":20,"21":20,"22":9,"23":8,"24":20,"25":20,"26":20,"27":20,"28":20,"29":20,"30":23,"31":4,"32":20,"33":24,"34":0,"35":24,"36":24,"37":24,"38":0,"39":24,"40":23,"41":0,"42":23,"43":2,"44":21,"45":17,"46":4,"47":4,"48":24,"49":1},"f":{"0":20,"1":23,"2":4,"3":24},"b":{"0":[14,6],"1":[14,0],"2":[14,12],"3":[14,12],"4":[14,12],"5":[14,13],"6":[14,12],"7":[14,12],"8":[14,12],"9":[14,9],"10":[14,11],"11":[8,1],"12":[20,19,18,18],"13":[23,6,6],"14":[0,24],"15":[0,23],"16":[2,21],"17":[17,4],"18":[4,0]},"meta":{"lastBranch":19,"lastFunction":4,"lastStatement":50,"seen":{"s:4:11:4:24":0,"s:5:13:5:28":1,"f:12:15:12:26":0,"s:13:15:29:3":2,"s:32:18:32:55":3,"b:33:2:50:Infinity:undefined:undefined:undefined:undefined":0,"s:33:2:50:Infinity":4,"s:34:4:49:Infinity":5,"s:35:18:35:62":6,"s:36:6:36:Infinity":7,"b:36:18:36:26:36:30:36:39":1,"s:37:6:37:Infinity":8,"b:37:25:37:40:37:44:37:46":2,"s:38:6:38:Infinity":9,"b:38:21:38:32:38:36:38:38":3,"s:39:6:39:Infinity":10,"b:39:21:39:32:39:36:39:38":4,"s:40:6:40:Infinity":11,"b:40:18:40:26:40:30:40:32":5,"s:41:6:41:Infinity":12,"b:41:17:41:24:41:28:41:30":6,"s:42:6:42:Infinity":13,"b:42:21:42:32:42:36:42:38":7,"s:43:6:43:Infinity":14,"b:43:21:43:32:43:36:43:38":8,"s:44:6:44:Infinity":15,"b:44:26:44:42:44:46:44:48":9,"s:45:6:45:Infinity":16,"b:45:29:45:48:45:52:45:54":10,"s:46:6:46:Infinity":17,"s:53:18:56:4":18,"s:58:23:89:3":19,"s:91:29:91:38":20,"s:92:2:96:Infinity":21,"b:93:4:95:Infinity:undefined:undefined:undefined:undefined":11,"s:93:4:95:Infinity":22,"s:94:6:94:Infinity":23,"s:97:2:97:Infinity":24,"s:100:2:100:Infinity":25,"s:103:2:108:Infinity":26,"b:104:4:104:21:105:4:105:48:106:4:106:53:107:4:107:Infinity":12,"s:111:2:118:Infinity":27,"s:112:20:112:71":28,"s:113:4:115:Infinity":29,"f:114:14:114:15":1,"s:114:19:114:90":30,"b:114:19:114:34:114:38:114:61:114:65:114:90":13,"f:115:11:115:12":2,"s:115:16:115:22":31,"s:120:2:120:Infinity":32,"f:123:9:123:19":3,"b:124:2:124:Infinity:undefined:undefined:undefined:undefined":14,"s:124:2:124:Infinity":33,"s:124:24:124:Infinity":34,"s:125:14:125:15":35,"s:127:2:131:Infinity":36,"s:128:4:128:Infinity":37,"s:130:4:130:Infinity":38,"s:132:2:140:Infinity":39,"b:133:4:133:Infinity:undefined:undefined:undefined:undefined":15,"s:133:4:133:Infinity":40,"s:133:36:133:Infinity":41,"b:134:4:134:Infinity:undefined:undefined:undefined:undefined":16,"s:134:4:134:Infinity":42,"s:134:39:134:Infinity":43,"b:135:4:139:Infinity:137:11:139:Infinity":17,"s:135:4:139:Infinity":44,"s:136:6:136:Infinity":45,"b:137:11:139:Infinity:undefined:undefined:undefined:undefined":18,"s:137:11:139:Infinity":46,"s:138:6:138:Infinity":47,"s:141:2:141:Infinity":48,"s:144:0:144:Infinity":49}}}
,"/root/agent-workspace/products/readme-wizard/lib/utils.js": {"path":"/root/agent-workspace/products/readme-wizard/lib/utils.js","statementMap":{"0":{"start":{"line":4,"column":15},"end":{"line":9,"column":1}},"1":{"start":{"line":11,"column":14},"end":{"line":11,"column":23}},"2":{"start":{"line":19,"column":14},"end":{"line":19,"column":42}},"3":{"start":{"line":20,"column":16},"end":{"line":20,"column":45}},"4":{"start":{"line":21,"column":2},"end":{"line":21,"column":null}},"5":{"start":{"line":24,"column":0},"end":{"line":24,"column":null}}},"fnMap":{"0":{"name":"log","decl":{"start":{"line":18,"column":9},"end":{"line":18,"column":12}},"loc":{"start":{"line":18,"column":29},"end":{"line":22,"column":null}},"line":18}},"branchMap":{"0":{"loc":{"start":{"line":19,"column":14},"end":{"line":19,"column":42}},"type":"binary-expr","locations":[{"start":{"line":19,"column":14},"end":{"line":19,"column":27}},{"start":{"line":19,"column":31},"end":{"line":19,"column":42}}],"line":19}},"s":{"0":1,"1":5,"2":9,"3":9,"4":9,"5":1},"f":{"0":9},"b":{"0":[9,1]},"meta":{"lastBranch":1,"lastFunction":1,"lastStatement":6,"seen":{"s:4:15:9:1":0,"s:11:14:11:23":1,"f:18:9:18:12":0,"s:19:14:19:42":2,"b:19:14:19:27:19:31:19:42":0,"s:20:16:20:45":3,"s:21:2:21:Infinity":4,"s:24:0:24:Infinity":5}}}
,"/root/agent-workspace/products/readme-wizard/lib/writer.js": {"path":"/root/agent-workspace/products/readme-wizard/lib/writer.js","statementMap":{"0":{"start":{"line":3,"column":13},"end":{"line":3,"column":26}},"1":{"start":{"line":4,"column":13},"end":{"line":4,"column":28}},"2":{"start":{"line":5,"column":16},"end":{"line":5,"column":34}},"3":{"start":{"line":18,"column":2},"end":{"line":18,"column":null}},"4":{"start":{"line":20,"column":17},"end":{"line":20,"column":42}},"5":{"start":{"line":22,"column":2},"end":{"line":27,"column":null}},"6":{"start":{"line":23,"column":4},"end":{"line":26,"column":null}},"7":{"start":{"line":30,"column":14},"end":{"line":30,"column":38}},"8":{"start":{"line":31,"column":2},"end":{"line":33,"column":null}},"9":{"start":{"line":32,"column":4},"end":{"line":32,"column":null}},"10":{"start":{"line":35,"column":2},"end":{"line":35,"column":null}},"11":{"start":{"line":36,"column":2},"end":{"line":36,"column":null}},"12":{"start":{"line":39,"column":0},"end":{"line":39,"column":null}}},"fnMap":{"0":{"name":"writeOutput","decl":{"start":{"line":17,"column":15},"end":{"line":17,"column":26}},"loc":{"start":{"line":17,"column":57},"end":{"line":37,"column":null}},"line":17}},"branchMap":{"0":{"loc":{"start":{"line":18,"column":12},"end":{"line":18,"column":25}},"type":"binary-expr","locations":[{"start":{"line":18,"column":12},"end":{"line":18,"column":19}},{"start":{"line":18,"column":23},"end":{"line":18,"column":25}}],"line":18},"1":{"loc":{"start":{"line":22,"column":2},"end":{"line":27,"column":null}},"type":"if","locations":[{"start":{"line":22,"column":2},"end":{"line":27,"column":null}},{"start":{},"end":{}}],"line":22},"2":{"loc":{"start":{"line":22,"column":6},"end":{"line":22,"column":30}},"type":"binary-expr","locations":[{"start":{"line":22,"column":6},"end":{"line":22,"column":12}},{"start":{"line":22,"column":16},"end":{"line":22,"column":30}}],"line":22},"3":{"loc":{"start":{"line":31,"column":2},"end":{"line":33,"column":null}},"type":"if","locations":[{"start":{"line":31,"column":2},"end":{"line":33,"column":null}},{"start":{},"end":{}}],"line":31}},"s":{"0":1,"1":1,"2":1,"3":6,"4":6,"5":6,"6":1,"7":5,"8":5,"9":1,"10":5,"11":5,"12":1},"f":{"0":6},"b":{"0":[6,0],"1":[1,5],"2":[6,2],"3":[1,4]},"meta":{"lastBranch":4,"lastFunction":1,"lastStatement":13,"seen":{"s:3:13:3:26":0,"s:4:13:4:28":1,"s:5:16:5:34":2,"f:17:15:17:26":0,"s:18:2:18:Infinity":3,"b:18:12:18:19:18:23:18:25":0,"s:20:17:20:42":4,"b:22:2:27:Infinity:undefined:undefined:undefined:undefined":1,"s:22:2:27:Infinity":5,"b:22:6:22:12:22:16:22:30":2,"s:23:4:26:Infinity":6,"s:30:14:30:38":7,"b:31:2:33:Infinity:undefined:undefined:undefined:undefined":3,"s:31:2:33:Infinity":8,"s:32:4:32:Infinity":9,"s:35:2:35:Infinity":10,"s:36:2:36:Infinity":11,"s:39:0:39:Infinity":12}}}
}
